Determining if the pthread_create exist failed with the following output:
Change Dir: /home/lws/catkin_ws/src/can_imu_rviz_plugin/build/CMakeFiles/CMakeTmp

Run Build Command:"/usr/bin/make" "cmTC_cba81/fast"
/usr/bin/make -f CMakeFiles/cmTC_cba81.dir/build.make CMakeFiles/cmTC_cba81.dir/build
make[1]: Entering directory '/home/lws/catkin_ws/src/can_imu_rviz_plugin/build/CMakeFiles/CMakeTmp'
Building C object CMakeFiles/cmTC_cba81.dir/CheckSymbolExists.c.o
/usr/bin/gcc    -o CMakeFiles/cmTC_cba81.dir/CheckSymbolExists.c.o   -c /home/lws/catkin_ws/src/can_imu_rviz_plugin/build/CMakeFiles/CMakeTmp/CheckSymbolExists.c
Linking C executable cmTC_cba81
/usr/bin/cmake -E cmake_link_script CMakeFiles/cmTC_cba81.dir/link.txt --verbose=1
/usr/bin/gcc      -rdynamic CMakeFiles/cmTC_cba81.dir/CheckSymbolExists.c.o  -o cmTC_cba81 
CMakeFiles/cmTC_cba81.dir/CheckSymbolExists.c.o: In function `main':
CheckSymbolExists.c:(.text+0x1b): undefined reference to `pthread_create'
collect2: error: ld returned 1 exit status
CMakeFiles/cmTC_cba81.dir/build.make:97: recipe for target 'cmTC_cba81' failed
make[1]: *** [cmTC_cba81] Error 1
make[1]: Leaving directory '/home/lws/catkin_ws/src/can_imu_rviz_plugin/build/CMakeFiles/CMakeTmp'
Makefile:126: recipe for target 'cmTC_cba81/fast' failed
make: *** [cmTC_cba81/fast] Error 2

File /home/lws/catkin_ws/src/can_imu_rviz_plugin/build/CMakeFiles/CMakeTmp/CheckSymbolExists.c:
/* */
#include <pthread.h>

int main(int argc, char** argv)
{
  (void)argv;
#ifndef pthread_create
  return ((int*)(&pthread_create))[argc];
#else
  (void)argc;
  return 0;
#endif
}

Determining if the function pthread_create exists in the pthreads failed with the following output:
Change Dir: /home/lws/catkin_ws/src/can_imu_rviz_plugin/build/CMakeFiles/CMakeTmp

Run Build Command:"/usr/bin/make" "cmTC_f6c28/fast"
/usr/bin/make -f CMakeFiles/cmTC_f6c28.dir/build.make CMakeFiles/cmTC_f6c28.dir/build
make[1]: Entering directory '/home/lws/catkin_ws/src/can_imu_rviz_plugin/build/CMakeFiles/CMakeTmp'
Building C object CMakeFiles/cmTC_f6c28.dir/CheckFunctionExists.c.o
/usr/bin/gcc   -DCHECK_FUNCTION_EXISTS=pthread_create   -o CMakeFiles/cmTC_f6c28.dir/CheckFunctionExists.c.o   -c /usr/share/cmake-3.10/Modules/CheckFunctionExists.c
Linking C executable cmTC_f6c28
/usr/bin/cmake -E cmake_link_script CMakeFiles/cmTC_f6c28.dir/link.txt --verbose=1
/usr/bin/gcc  -DCHECK_FUNCTION_EXISTS=pthread_create    -rdynamic CMakeFiles/cmTC_f6c28.dir/CheckFunctionExists.c.o  -o cmTC_f6c28 -lpthreads 
/usr/bin/ld: cannot find -lpthreads
collect2: error: ld returned 1 exit status
CMakeFiles/cmTC_f6c28.dir/build.make:97: recipe for target 'cmTC_f6c28' failed
make[1]: *** [cmTC_f6c28] Error 1
make[1]: Leaving directory '/home/lws/catkin_ws/src/can_imu_rviz_plugin/build/CMakeFiles/CMakeTmp'
Makefile:126: recipe for target 'cmTC_f6c28/fast' failed
make: *** [cmTC_f6c28/fast] Error 2


